2016-03-20 09:05:19,631:631.15811348 - ubuntu_sso.utils.translation - WARNING - Translations not found, using null translator.
2016-03-20 09:05:19,928:928.410053253 - ubuntu_sso.main - INFO - Setting up Ubuntu SSO service.
2016-03-20 09:05:20,082:82.0870399475 - ubuntu_sso.main - INFO - Ubuntu SSO service started.
2016-03-20 09:05:20,083:83.1360816956 - ubuntu_sso.account - INFO - Creating a new SSO access layer for service url u'https://login.ubuntu.com/api/1.0/'
2016-03-20 09:05:20,108:108.311891556 - ubuntu_sso.credentials - INFO - find_credentials: self.app_name dbus.String(u'Ubuntu One'), result is {}? True
2016-03-20 09:05:20,108:108.483076096 - ubuntu_sso.main - INFO - 'CredentialsManagement': emitting 'CredentialsNotFound' with args (dbus.String(u'Ubuntu One'),) and kwargs {}
2016-03-20 09:05:30,127:127.273082733 - ubuntu_sso.main - INFO - Shutting down, calling <function shutdown_func at 0xb6bb902c>.
2016-03-20 09:51:27,163:163.639068604 - ubuntu_sso.utils.translation - WARNING - Translations not found, using null translator.
2016-03-20 09:51:27,430:430.269956589 - ubuntu_sso.main - INFO - Setting up Ubuntu SSO service.
2016-03-20 09:51:27,583:583.033084869 - ubuntu_sso.main - INFO - Ubuntu SSO service started.
2016-03-20 09:51:27,583:583.204030991 - ubuntu_sso.account - INFO - Creating a new SSO access layer for service url u'https://login.ubuntu.com/api/1.0/'
2016-03-20 09:51:27,609:609.297037125 - ubuntu_sso.credentials - INFO - find_credentials: self.app_name dbus.String(u'Ubuntu One'), result is {}? True
2016-03-20 09:51:27,609:609.488010406 - ubuntu_sso.main - INFO - 'CredentialsManagement': emitting 'CredentialsNotFound' with args (dbus.String(u'Ubuntu One'),) and kwargs {}
2016-03-20 09:51:37,629:629.29391861 - ubuntu_sso.main - INFO - Shutting down, calling <function shutdown_func at 0xb6bf502c>.
2016-03-20 09:56:28,347:347.991943359 - ubuntu_sso.utils.translation - WARNING - Translations not found, using null translator.
2016-03-20 09:56:28,368:368.14904213 - ubuntu_sso.main - INFO - Setting up Ubuntu SSO service.
2016-03-20 09:56:28,412:412.841081619 - ubuntu_sso.main - INFO - Ubuntu SSO service started.
2016-03-20 09:56:28,413:413.360118866 - ubuntu_sso.account - INFO - Creating a new SSO access layer for service url u'https://login.ubuntu.com/api/1.0/'
2016-03-20 09:56:28,427:427.162885666 - ubuntu_sso.credentials - INFO - find_credentials: self.app_name dbus.String(u'Ubuntu One'), result is {}? True
2016-03-20 09:56:28,427:427.364110947 - ubuntu_sso.main - INFO - 'CredentialsManagement': emitting 'CredentialsNotFound' with args (dbus.String(u'Ubuntu One'),) and kwargs {}
2016-03-20 09:56:38,437:437.782049179 - ubuntu_sso.main - INFO - Shutting down, calling <function shutdown_func at 0xb6be602c>.
2016-03-21 00:12:58,147:147.747039795 - ubuntu_sso.utils.translation - WARNING - Translations not found, using null translator.
2016-03-21 00:12:58,508:508.738040924 - ubuntu_sso.main - INFO - Setting up Ubuntu SSO service.
2016-03-21 00:12:58,609:609.781980515 - ubuntu_sso.main - INFO - Ubuntu SSO service started.
2016-03-21 00:12:58,622:622.350931168 - ubuntu_sso.account - INFO - Creating a new SSO access layer for service url u'https://login.ubuntu.com/api/1.0/'
2016-03-21 00:12:58,667:667.602062225 - ubuntu_sso.credentials - INFO - find_credentials: self.app_name dbus.String(u'Ubuntu One'), result is {}? True
2016-03-21 00:12:58,668:668.06101799 - ubuntu_sso.main - INFO - 'CredentialsManagement': emitting 'CredentialsNotFound' with args (dbus.String(u'Ubuntu One'),) and kwargs {}
2016-03-21 00:13:08,685:685.830116272 - ubuntu_sso.main - INFO - Shutting down, calling <function shutdown_func at 0xb6c5b02c>.
2016-03-21 00:17:59,330:330.670118332 - ubuntu_sso.utils.translation - WARNING - Translations not found, using null translator.
2016-03-21 00:17:59,391:391.803026199 - ubuntu_sso.main - INFO - Setting up Ubuntu SSO service.
2016-03-21 00:17:59,439:439.752101898 - ubuntu_sso.main - INFO - Ubuntu SSO service started.
2016-03-21 00:17:59,441:441.22505188 - ubuntu_sso.account - INFO - Creating a new SSO access layer for service url u'https://login.ubuntu.com/api/1.0/'
2016-03-21 00:17:59,471:471.745967865 - ubuntu_sso.credentials - INFO - find_credentials: self.app_name dbus.String(u'Ubuntu One'), result is {}? True
2016-03-21 00:17:59,472:472.325086594 - ubuntu_sso.main - INFO - 'CredentialsManagement': emitting 'CredentialsNotFound' with args (dbus.String(u'Ubuntu One'),) and kwargs {}
2016-03-21 00:18:09,484:484.721899033 - ubuntu_sso.main - INFO - Shutting down, calling <function shutdown_func at 0xb6be402c>.
2016-04-02 04:30:14,494:494.991064072 - ubuntu_sso.utils.translation - WARNING - Translations not found, using null translator.
2016-04-02 04:30:14,776:776.655912399 - ubuntu_sso.main - INFO - Setting up Ubuntu SSO service.
2016-04-02 04:30:14,956:956.759929657 - ubuntu_sso.main - INFO - Ubuntu SSO service started.
2016-04-02 04:30:14,957:957.503080368 - ubuntu_sso.account - INFO - Creating a new SSO access layer for service url u'https://login.ubuntu.com/api/1.0/'
2016-04-02 04:30:15,025:25.7079601288 - ubuntu_sso.credentials - INFO - find_credentials: self.app_name dbus.String(u'Ubuntu One'), result is {}? True
2016-04-02 04:30:15,026:26.2069702148 - ubuntu_sso.main - INFO - 'CredentialsManagement': emitting 'CredentialsNotFound' with args (dbus.String(u'Ubuntu One'),) and kwargs {}
2016-04-02 04:30:25,066:66.477060318 - ubuntu_sso.main - INFO - Shutting down, calling <function shutdown_func at 0xb6bf902c>.
2016-04-02 04:30:27,743:743.453979492 - ubuntu_sso.utils.translation - WARNING - Translations not found, using null translator.
2016-04-02 04:30:27,783:783.01692009 - ubuntu_sso.main - INFO - Setting up Ubuntu SSO service.
2016-04-02 04:30:27,802:802.114963531 - ubuntu_sso.main - INFO - Ubuntu SSO service started.
2016-04-02 04:30:27,803:803.128957748 - ubuntu_sso.account - INFO - Creating a new SSO access layer for service url u'https://login.ubuntu.com/api/1.0/'
2016-04-02 04:30:27,826:826.594114304 - ubuntu_sso.credentials - INFO - find_credentials: self.app_name dbus.String(u'Ubuntu One'), result is {}? True
2016-04-02 04:30:27,826:826.977014542 - ubuntu_sso.main - INFO - 'CredentialsManagement': emitting 'CredentialsNotFound' with args (dbus.String(u'Ubuntu One'),) and kwargs {}
2016-04-02 04:30:37,838:838.300943375 - ubuntu_sso.main - INFO - Shutting down, calling <function shutdown_func at 0xb6c5602c>.
2016-04-03 00:51:24,130:130.640983582 - ubuntu_sso.utils.translation - WARNING - Translations not found, using null translator.
2016-04-03 00:51:24,393:393.843889236 - ubuntu_sso.main - INFO - Setting up Ubuntu SSO service.
2016-04-03 00:51:24,551:551.305055618 - ubuntu_sso.main - INFO - Ubuntu SSO service started.
2016-04-03 00:51:24,552:552.081108093 - ubuntu_sso.account - INFO - Creating a new SSO access layer for service url u'https://login.ubuntu.com/api/1.0/'
2016-04-03 00:51:24,589:589.736938477 - ubuntu_sso.credentials - INFO - find_credentials: self.app_name dbus.String(u'Ubuntu One'), result is {}? True
2016-04-03 00:51:24,590:590.065956116 - ubuntu_sso.main - INFO - 'CredentialsManagement': emitting 'CredentialsNotFound' with args (dbus.String(u'Ubuntu One'),) and kwargs {}
2016-04-03 00:51:34,610:610.632896423 - ubuntu_sso.main - INFO - Shutting down, calling <function shutdown_func at 0xb6c2502c>.
2016-04-03 00:56:24,699:699.388027191 - ubuntu_sso.utils.translation - WARNING - Translations not found, using null translator.
2016-04-03 00:56:24,717:717.663049698 - ubuntu_sso.main - INFO - Setting up Ubuntu SSO service.
2016-04-03 00:56:24,728:728.579998016 - ubuntu_sso.main - INFO - Ubuntu SSO service started.
2016-04-03 00:56:24,729:729.089975357 - ubuntu_sso.account - INFO - Creating a new SSO access layer for service url u'https://login.ubuntu.com/api/1.0/'
2016-04-03 00:56:24,740:740.075111389 - ubuntu_sso.credentials - INFO - find_credentials: self.app_name dbus.String(u'Ubuntu One'), result is {}? True
2016-04-03 00:56:24,740:740.252017975 - ubuntu_sso.main - INFO - 'CredentialsManagement': emitting 'CredentialsNotFound' with args (dbus.String(u'Ubuntu One'),) and kwargs {}
2016-04-03 00:56:34,750:750.555992126 - ubuntu_sso.main - INFO - Shutting down, calling <function shutdown_func at 0xb6c9d02c>.
2016-09-20 03:20:10,968:968.910932541 - ubuntu_sso.utils.translation - WARNING - Translations not found, using null translator.
2016-09-20 03:20:12,416:416.280031204 - ubuntu_sso.main - INFO - Setting up Ubuntu SSO service.
2016-09-20 03:20:12,767:767.775058746 - ubuntu_sso.main - INFO - Ubuntu SSO service started.
2016-09-20 03:20:12,768:768.373966217 - ubuntu_sso.account - INFO - Creating a new SSO access layer for service url u'https://login.ubuntu.com/api/1.0/'
2016-09-20 03:20:12,815:815.404891968 - ubuntu_sso.credentials - INFO - find_credentials: self.app_name dbus.String(u'Ubuntu One'), result is {}? True
2016-09-20 03:20:12,815:815.722942352 - ubuntu_sso.main - INFO - 'CredentialsManagement': emitting 'CredentialsNotFound' with args (dbus.String(u'Ubuntu One'),) and kwargs {}
2016-09-20 03:20:22,834:834.270000458 - ubuntu_sso.main - INFO - Shutting down, calling <function shutdown_func at 0xb6ba502c>.
2016-09-20 03:25:13,590:590.378046036 - ubuntu_sso.utils.translation - WARNING - Translations not found, using null translator.
2016-09-20 03:25:13,606:606.029033661 - ubuntu_sso.main - INFO - Setting up Ubuntu SSO service.
2016-09-20 03:25:13,612:612.075090408 - ubuntu_sso.main - INFO - Ubuntu SSO service started.
2016-09-20 03:25:13,612:612.265110016 - ubuntu_sso.account - INFO - Creating a new SSO access layer for service url u'https://login.ubuntu.com/api/1.0/'
2016-09-20 03:25:13,624:624.480962753 - ubuntu_sso.credentials - INFO - find_credentials: self.app_name dbus.String(u'Ubuntu One'), result is {}? True
2016-09-20 03:25:13,624:624.967098236 - ubuntu_sso.main - INFO - 'CredentialsManagement': emitting 'CredentialsNotFound' with args (dbus.String(u'Ubuntu One'),) and kwargs {}
2016-09-20 03:25:23,635:635.585069656 - ubuntu_sso.main - INFO - Shutting down, calling <function shutdown_func at 0xb6c8202c>.
2016-09-20 03:30:13,556:556.54501915 - ubuntu_sso.utils.translation - WARNING - Translations not found, using null translator.
2016-09-20 03:30:13,571:571.969985962 - ubuntu_sso.main - INFO - Setting up Ubuntu SSO service.
2016-09-20 03:30:13,578:578.191041946 - ubuntu_sso.main - INFO - Ubuntu SSO service started.
2016-09-20 03:30:13,578:578.393936157 - ubuntu_sso.account - INFO - Creating a new SSO access layer for service url u'https://login.ubuntu.com/api/1.0/'
2016-09-20 03:30:13,589:589.046955109 - ubuntu_sso.credentials - INFO - find_credentials: self.app_name dbus.String(u'Ubuntu One'), result is {}? True
2016-09-20 03:30:13,589:589.216947556 - ubuntu_sso.main - INFO - 'CredentialsManagement': emitting 'CredentialsNotFound' with args (dbus.String(u'Ubuntu One'),) and kwargs {}
2016-09-20 03:30:23,599:599.600076675 - ubuntu_sso.main - INFO - Shutting down, calling <function shutdown_func at 0xb6bcb02c>.
2016-09-20 03:46:51,548:548.51102829 - ubuntu_sso.utils.translation - WARNING - Translations not found, using null translator.
2016-09-20 03:46:51,564:564.181089401 - ubuntu_sso.main - INFO - Setting up Ubuntu SSO service.
2016-09-20 03:46:51,570:570.112943649 - ubuntu_sso.main - INFO - Ubuntu SSO service started.
2016-09-20 03:46:51,570:570.360898972 - ubuntu_sso.account - INFO - Creating a new SSO access layer for service url u'https://login.ubuntu.com/api/1.0/'
2016-09-20 03:46:51,585:585.406064987 - ubuntu_sso.credentials - INFO - find_credentials: self.app_name dbus.String(u'Ubuntu One'), result is {}? True
2016-09-20 03:46:51,585:585.597038269 - ubuntu_sso.main - INFO - 'CredentialsManagement': emitting 'CredentialsNotFound' with args (dbus.String(u'Ubuntu One'),) and kwargs {}
2016-09-20 03:47:01,595:595.484972 - ubuntu_sso.main - INFO - Shutting down, calling <function shutdown_func at 0xb6c9b02c>.
2016-09-20 03:51:51,542:542.934894562 - ubuntu_sso.utils.translation - WARNING - Translations not found, using null translator.
2016-09-20 03:51:51,559:559.163093567 - ubuntu_sso.main - INFO - Setting up Ubuntu SSO service.
2016-09-20 03:51:51,565:565.350055695 - ubuntu_sso.main - INFO - Ubuntu SSO service started.
2016-09-20 03:51:51,565:565.598964691 - ubuntu_sso.account - INFO - Creating a new SSO access layer for service url u'https://login.ubuntu.com/api/1.0/'
2016-09-20 03:51:51,577:577.461957932 - ubuntu_sso.credentials - INFO - find_credentials: self.app_name dbus.String(u'Ubuntu One'), result is {}? True
2016-09-20 03:51:51,577:577.631950378 - ubuntu_sso.main - INFO - 'CredentialsManagement': emitting 'CredentialsNotFound' with args (dbus.String(u'Ubuntu One'),) and kwargs {}
2016-09-20 03:52:01,587:587.53991127 - ubuntu_sso.main - INFO - Shutting down, calling <function shutdown_func at 0xb6bab02c>.
2016-10-06 20:18:34,214:214.996099472 - ubuntu_sso.utils.translation - WARNING - Translations not found, using null translator.
2016-10-06 20:18:34,590:590.550899506 - ubuntu_sso.main - INFO - Setting up Ubuntu SSO service.
2016-10-06 20:18:34,820:820.614099503 - ubuntu_sso.main - INFO - Ubuntu SSO service started.
2016-10-06 20:18:34,820:820.842981339 - ubuntu_sso.account - INFO - Creating a new SSO access layer for service url u'https://login.ubuntu.com/api/1.0/'
2016-10-06 20:18:34,846:846.889972687 - ubuntu_sso.credentials - INFO - find_credentials: self.app_name dbus.String(u'Ubuntu One'), result is {}? True
2016-10-06 20:18:34,847:847.104072571 - ubuntu_sso.main - INFO - 'CredentialsManagement': emitting 'CredentialsNotFound' with args (dbus.String(u'Ubuntu One'),) and kwargs {}
2016-10-06 20:18:44,874:874.336957932 - ubuntu_sso.main - INFO - Shutting down, calling <function shutdown_func at 0xb6ba902c>.
2016-10-06 20:23:35,320:320.859909058 - ubuntu_sso.utils.translation - WARNING - Translations not found, using null translator.
2016-10-06 20:23:35,338:338.179111481 - ubuntu_sso.main - INFO - Setting up Ubuntu SSO service.
2016-10-06 20:23:35,345:345.711946487 - ubuntu_sso.main - INFO - Ubuntu SSO service started.
2016-10-06 20:23:35,345:345.992088318 - ubuntu_sso.account - INFO - Creating a new SSO access layer for service url u'https://login.ubuntu.com/api/1.0/'
2016-10-06 20:23:35,358:358.299016953 - ubuntu_sso.credentials - INFO - find_credentials: self.app_name dbus.String(u'Ubuntu One'), result is {}? True
2016-10-06 20:23:35,358:358.542919159 - ubuntu_sso.main - INFO - 'CredentialsManagement': emitting 'CredentialsNotFound' with args (dbus.String(u'Ubuntu One'),) and kwargs {}
2016-10-06 20:23:45,368:368.767023087 - ubuntu_sso.main - INFO - Shutting down, calling <function shutdown_func at 0xb6c9e02c>.
2016-10-06 20:36:33,716:716.175079346 - ubuntu_sso.utils.translation - WARNING - Translations not found, using null translator.
2016-10-06 20:36:33,986:986.656904221 - ubuntu_sso.main - INFO - Setting up Ubuntu SSO service.
2016-10-06 20:36:34,126:126.821041107 - ubuntu_sso.main - INFO - Ubuntu SSO service started.
2016-10-06 20:36:34,127:127.053022385 - ubuntu_sso.account - INFO - Creating a new SSO access layer for service url u'https://login.ubuntu.com/api/1.0/'
2016-10-06 20:36:34,168:168.807983398 - ubuntu_sso.credentials - INFO - find_credentials: self.app_name dbus.String(u'Ubuntu One'), result is {}? True
2016-10-06 20:36:34,168:168.982982635 - ubuntu_sso.main - INFO - 'CredentialsManagement': emitting 'CredentialsNotFound' with args (dbus.String(u'Ubuntu One'),) and kwargs {}
2016-10-06 20:36:44,179:179.151058197 - ubuntu_sso.main - INFO - Shutting down, calling <function shutdown_func at 0xb636902c>.
2016-10-06 20:41:34,272:272.557973862 - ubuntu_sso.utils.translation - WARNING - Translations not found, using null translator.
2016-10-06 20:41:34,292:292.052984238 - ubuntu_sso.main - INFO - Setting up Ubuntu SSO service.
2016-10-06 20:41:34,296:296.681880951 - ubuntu_sso.main - INFO - Ubuntu SSO service started.
2016-10-06 20:41:34,296:296.868085861 - ubuntu_sso.account - INFO - Creating a new SSO access layer for service url u'https://login.ubuntu.com/api/1.0/'
2016-10-06 20:41:34,309:309.48805809 - ubuntu_sso.credentials - INFO - find_credentials: self.app_name dbus.String(u'Ubuntu One'), result is {}? True
2016-10-06 20:41:34,309:309.855937958 - ubuntu_sso.main - INFO - 'CredentialsManagement': emitting 'CredentialsNotFound' with args (dbus.String(u'Ubuntu One'),) and kwargs {}
2016-10-06 20:41:44,320:320.086956024 - ubuntu_sso.main - INFO - Shutting down, calling <function shutdown_func at 0xb636e02c>.
